<?xml version="1.0" encoding="UTF-8"?>
<testng-results ignored="0" total="22" passed="22" failed="0" skipped="0">
  <reporter-output>
  </reporter-output>
  <suite started-at="2024-10-18T12:31:55 IST" name="JobbyAppTest" finished-at="2024-10-18T12:32:50 IST" duration-ms="54476">
    <groups>
    </groups>
    <test started-at="2024-10-18T12:31:55 IST" name="Functionality" finished-at="2024-10-18T12:32:50 IST" duration-ms="54476">
      <class name="org.example.HeaderSectionTest">
        <test-method is-config="true" signature="setUp()[pri:0, instance:org.example.HeaderSectionTest@2e4b8173]" started-at="2024-10-18T12:31:55 IST" name="setUp" finished-at="2024-10-18T12:32:00 IST" duration-ms="4298" status="PASS">
          <reporter-output>
          </reporter-output>
        </test-method> <!-- setUp -->
        <test-method signature="appLogoImage()[pri:1, instance:org.example.HeaderSectionTest@2e4b8173]" started-at="2024-10-18T12:32:00 IST" name="appLogoImage" finished-at="2024-10-18T12:32:01 IST" duration-ms="1142" status="PASS">
          <reporter-output>
          </reporter-output>
        </test-method> <!-- appLogoImage -->
        <test-method is-config="true" signature="tearDown()[pri:0, instance:org.example.HeaderSectionTest@2e4b8173]" started-at="2024-10-18T12:32:01 IST" name="tearDown" finished-at="2024-10-18T12:32:01 IST" duration-ms="289" status="PASS">
          <reporter-output>
          </reporter-output>
        </test-method> <!-- tearDown -->
        <test-method is-config="true" signature="setUp()[pri:0, instance:org.example.HeaderSectionTest@2e4b8173]" started-at="2024-10-18T12:32:01 IST" name="setUp" finished-at="2024-10-18T12:32:03 IST" duration-ms="2343" status="PASS">
          <reporter-output>
          </reporter-output>
        </test-method> <!-- setUp -->
        <test-method signature="navBarHome()[pri:2, instance:org.example.HeaderSectionTest@2e4b8173]" started-at="2024-10-18T12:32:03 IST" name="navBarHome" finished-at="2024-10-18T12:32:05 IST" duration-ms="1399" status="PASS">
          <reporter-output>
          </reporter-output>
        </test-method> <!-- navBarHome -->
        <test-method is-config="true" signature="tearDown()[pri:0, instance:org.example.HeaderSectionTest@2e4b8173]" started-at="2024-10-18T12:32:05 IST" name="tearDown" finished-at="2024-10-18T12:32:05 IST" duration-ms="214" status="PASS">
          <reporter-output>
          </reporter-output>
        </test-method> <!-- tearDown -->
        <test-method is-config="true" signature="setUp()[pri:0, instance:org.example.HeaderSectionTest@2e4b8173]" started-at="2024-10-18T12:32:05 IST" name="setUp" finished-at="2024-10-18T12:32:07 IST" duration-ms="2144" status="PASS">
          <reporter-output>
          </reporter-output>
        </test-method> <!-- setUp -->
        <test-method signature="appLogoLink()[pri:3, instance:org.example.HeaderSectionTest@2e4b8173]" started-at="2024-10-18T12:32:07 IST" name="appLogoLink" finished-at="2024-10-18T12:32:09 IST" duration-ms="1669" status="PASS">
          <reporter-output>
          </reporter-output>
        </test-method> <!-- appLogoLink -->
        <test-method is-config="true" signature="tearDown()[pri:0, instance:org.example.HeaderSectionTest@2e4b8173]" started-at="2024-10-18T12:32:09 IST" name="tearDown" finished-at="2024-10-18T12:32:09 IST" duration-ms="311" status="PASS">
          <reporter-output>
          </reporter-output>
        </test-method> <!-- tearDown -->
        <test-method is-config="true" signature="setUp()[pri:0, instance:org.example.HeaderSectionTest@2e4b8173]" started-at="2024-10-18T12:32:09 IST" name="setUp" finished-at="2024-10-18T12:32:11 IST" duration-ms="2335" status="PASS">
          <reporter-output>
          </reporter-output>
        </test-method> <!-- setUp -->
        <test-method signature="navBarHOme()[pri:4, instance:org.example.HeaderSectionTest@2e4b8173]" started-at="2024-10-18T12:32:11 IST" name="navBarHOme" finished-at="2024-10-18T12:32:13 IST" duration-ms="1984" status="PASS">
          <reporter-output>
          </reporter-output>
        </test-method> <!-- navBarHOme -->
        <test-method is-config="true" signature="tearDown()[pri:0, instance:org.example.HeaderSectionTest@2e4b8173]" started-at="2024-10-18T12:32:13 IST" name="tearDown" finished-at="2024-10-18T12:32:14 IST" duration-ms="206" status="PASS">
          <reporter-output>
          </reporter-output>
        </test-method> <!-- tearDown -->
        <test-method is-config="true" signature="setUp()[pri:0, instance:org.example.HeaderSectionTest@2e4b8173]" started-at="2024-10-18T12:32:14 IST" name="setUp" finished-at="2024-10-18T12:32:16 IST" duration-ms="2004" status="PASS">
          <reporter-output>
          </reporter-output>
        </test-method> <!-- setUp -->
        <test-method signature="logOut()[pri:5, instance:org.example.HeaderSectionTest@2e4b8173]" started-at="2024-10-18T12:32:16 IST" name="logOut" finished-at="2024-10-18T12:32:17 IST" duration-ms="1446" status="PASS">
          <reporter-output>
          </reporter-output>
        </test-method> <!-- logOut -->
        <test-method is-config="true" signature="tearDown()[pri:0, instance:org.example.HeaderSectionTest@2e4b8173]" started-at="2024-10-18T12:32:17 IST" name="tearDown" finished-at="2024-10-18T12:32:17 IST" duration-ms="229" status="PASS">
          <reporter-output>
          </reporter-output>
        </test-method> <!-- tearDown -->
      </class> <!-- org.example.HeaderSectionTest -->
      <class name="org.example.logout">
        <test-method is-config="true" signature="setUp()[pri:0, instance:org.example.logout@5bd03f44]" started-at="2024-10-18T12:32:05 IST" name="setUp" finished-at="2024-10-18T12:32:07 IST" duration-ms="2230" status="PASS">
          <reporter-output>
          </reporter-output>
        </test-method> <!-- setUp -->
        <test-method signature="logOutFunctionality()[pri:1, instance:org.example.logout@5bd03f44]" started-at="2024-10-18T12:32:07 IST" name="logOutFunctionality" finished-at="2024-10-18T12:32:09 IST" duration-ms="1442" status="PASS">
          <reporter-output>
          </reporter-output>
        </test-method> <!-- logOutFunctionality -->
        <test-method is-config="true" signature="tearDown()[pri:0, instance:org.example.logout@5bd03f44]" started-at="2024-10-18T12:32:09 IST" name="tearDown" finished-at="2024-10-18T12:32:09 IST" duration-ms="430" status="PASS">
          <reporter-output>
          </reporter-output>
        </test-method> <!-- tearDown -->
      </class> <!-- org.example.logout -->
      <class name="org.example.HomePageTest">
        <test-method is-config="true" signature="setUp()[pri:0, instance:org.example.HomePageTest@70e8f8e]" started-at="2024-10-18T12:31:55 IST" name="setUp" finished-at="2024-10-18T12:32:00 IST" duration-ms="4289" status="PASS">
          <reporter-output>
          </reporter-output>
        </test-method> <!-- setUp -->
        <test-method signature="homepageHeading()[pri:1, instance:org.example.HomePageTest@70e8f8e]" started-at="2024-10-18T12:32:00 IST" name="homepageHeading" finished-at="2024-10-18T12:32:01 IST" duration-ms="1287" status="PASS">
          <reporter-output>
          </reporter-output>
        </test-method> <!-- homepageHeading -->
        <test-method is-config="true" signature="tearDown()[pri:0, instance:org.example.HomePageTest@70e8f8e]" started-at="2024-10-18T12:32:01 IST" name="tearDown" finished-at="2024-10-18T12:32:01 IST" duration-ms="268" status="PASS">
          <reporter-output>
          </reporter-output>
        </test-method> <!-- tearDown -->
        <test-method is-config="true" signature="setUp()[pri:0, instance:org.example.HomePageTest@70e8f8e]" started-at="2024-10-18T12:32:01 IST" name="setUp" finished-at="2024-10-18T12:32:03 IST" duration-ms="2288" status="PASS">
          <reporter-output>
          </reporter-output>
        </test-method> <!-- setUp -->
        <test-method signature="findJobs()[pri:2, instance:org.example.HomePageTest@70e8f8e]" started-at="2024-10-18T12:32:03 IST" name="findJobs" finished-at="2024-10-18T12:32:05 IST" duration-ms="1462" status="PASS">
          <reporter-output>
          </reporter-output>
        </test-method> <!-- findJobs -->
        <test-method is-config="true" signature="tearDown()[pri:0, instance:org.example.HomePageTest@70e8f8e]" started-at="2024-10-18T12:32:05 IST" name="tearDown" finished-at="2024-10-18T12:32:05 IST" duration-ms="270" status="PASS">
          <reporter-output>
          </reporter-output>
        </test-method> <!-- tearDown -->
      </class> <!-- org.example.HomePageTest -->
      <class name="org.example.JobsPageTest">
        <test-method is-config="true" signature="setUp()[pri:0, instance:org.example.JobsPageTest@17046283]" started-at="2024-10-18T12:32:17 IST" name="setUp" finished-at="2024-10-18T12:32:19 IST" duration-ms="1988" status="PASS">
          <reporter-output>
          </reporter-output>
        </test-method> <!-- setUp -->
        <test-method signature="profileUI()[pri:1, instance:org.example.JobsPageTest@17046283]" started-at="2024-10-18T12:32:19 IST" name="profileUI" finished-at="2024-10-18T12:32:21 IST" duration-ms="1619" status="PASS">
          <reporter-output>
          </reporter-output>
        </test-method> <!-- profileUI -->
        <test-method is-config="true" signature="tearDown()[pri:0, instance:org.example.JobsPageTest@17046283]" started-at="2024-10-18T12:32:21 IST" name="tearDown" finished-at="2024-10-18T12:32:21 IST" duration-ms="231" status="PASS">
          <reporter-output>
          </reporter-output>
        </test-method> <!-- tearDown -->
        <test-method is-config="true" signature="setUp()[pri:0, instance:org.example.JobsPageTest@17046283]" started-at="2024-10-18T12:32:21 IST" name="setUp" finished-at="2024-10-18T12:32:24 IST" duration-ms="2829" status="PASS">
          <reporter-output>
          </reporter-output>
        </test-method> <!-- setUp -->
        <test-method signature="successfulSearch(java.lang.String,java.lang.String)[pri:2, instance:org.example.JobsPageTest@17046283]" started-at="2024-10-18T12:32:24 IST" name="successfulSearch" data-provider="data" finished-at="2024-10-18T12:32:26 IST" duration-ms="2177" status="PASS">
          <params>
            <param index="0">
              <value>
                <![CDATA[Devops Engineer]]>
              </value>
            </param>
            <param index="1">
              <value>
                <![CDATA[9]]>
              </value>
            </param>
          </params>
          <reporter-output>
          </reporter-output>
        </test-method> <!-- successfulSearch -->
        <test-method is-config="true" signature="tearDown()[pri:0, instance:org.example.JobsPageTest@17046283]" started-at="2024-10-18T12:32:26 IST" name="tearDown" finished-at="2024-10-18T12:32:27 IST" duration-ms="314" status="PASS">
          <reporter-output>
          </reporter-output>
        </test-method> <!-- tearDown -->
        <test-method is-config="true" signature="setUp()[pri:0, instance:org.example.JobsPageTest@17046283]" started-at="2024-10-18T12:32:27 IST" name="setUp" finished-at="2024-10-18T12:32:28 IST" duration-ms="1937" status="PASS">
          <reporter-output>
          </reporter-output>
        </test-method> <!-- setUp -->
        <test-method signature="successfulSearch(java.lang.String,java.lang.String)[pri:2, instance:org.example.JobsPageTest@17046283]" started-at="2024-10-18T12:32:28 IST" name="successfulSearch" data-provider="data" finished-at="2024-10-18T12:32:30 IST" duration-ms="1737" status="PASS">
          <params>
            <param index="0">
              <value>
                <![CDATA[Backend Engineer]]>
              </value>
            </param>
            <param index="1">
              <value>
                <![CDATA[11]]>
              </value>
            </param>
          </params>
          <reporter-output>
          </reporter-output>
        </test-method> <!-- successfulSearch -->
        <test-method is-config="true" signature="tearDown()[pri:0, instance:org.example.JobsPageTest@17046283]" started-at="2024-10-18T12:32:30 IST" name="tearDown" finished-at="2024-10-18T12:32:30 IST" duration-ms="265" status="PASS">
          <reporter-output>
          </reporter-output>
        </test-method> <!-- tearDown -->
        <test-method is-config="true" signature="setUp()[pri:0, instance:org.example.JobsPageTest@17046283]" started-at="2024-10-18T12:32:30 IST" name="setUp" finished-at="2024-10-18T12:32:32 IST" duration-ms="1698" status="PASS">
          <reporter-output>
          </reporter-output>
        </test-method> <!-- setUp -->
        <test-method signature="successfulSearch(java.lang.String,java.lang.String)[pri:2, instance:org.example.JobsPageTest@17046283]" started-at="2024-10-18T12:32:32 IST" name="successfulSearch" data-provider="data" finished-at="2024-10-18T12:32:34 IST" duration-ms="1910" status="PASS">
          <params>
            <param index="0">
              <value>
                <![CDATA[Frontend Engineer]]>
              </value>
            </param>
            <param index="1">
              <value>
                <![CDATA[13]]>
              </value>
            </param>
          </params>
          <reporter-output>
          </reporter-output>
        </test-method> <!-- successfulSearch -->
        <test-method is-config="true" signature="tearDown()[pri:0, instance:org.example.JobsPageTest@17046283]" started-at="2024-10-18T12:32:34 IST" name="tearDown" finished-at="2024-10-18T12:32:34 IST" duration-ms="333" status="PASS">
          <reporter-output>
          </reporter-output>
        </test-method> <!-- tearDown -->
        <test-method is-config="true" signature="setUp()[pri:0, instance:org.example.JobsPageTest@17046283]" started-at="2024-10-18T12:32:34 IST" name="setUp" finished-at="2024-10-18T12:32:36 IST" duration-ms="1735" status="PASS">
          <reporter-output>
          </reporter-output>
        </test-method> <!-- setUp -->
        <test-method signature="successfulSearch(java.lang.String,java.lang.String)[pri:2, instance:org.example.JobsPageTest@17046283]" started-at="2024-10-18T12:32:36 IST" name="successfulSearch" data-provider="data" finished-at="2024-10-18T12:32:38 IST" duration-ms="1875" status="PASS">
          <params>
            <param index="0">
              <value>
                <![CDATA[Fullstack Developer]]>
              </value>
            </param>
            <param index="1">
              <value>
                <![CDATA[6]]>
              </value>
            </param>
          </params>
          <reporter-output>
          </reporter-output>
        </test-method> <!-- successfulSearch -->
        <test-method is-config="true" signature="tearDown()[pri:0, instance:org.example.JobsPageTest@17046283]" started-at="2024-10-18T12:32:38 IST" name="tearDown" finished-at="2024-10-18T12:32:38 IST" duration-ms="347" status="PASS">
          <reporter-output>
          </reporter-output>
        </test-method> <!-- tearDown -->
        <test-method is-config="true" signature="setUp()[pri:0, instance:org.example.JobsPageTest@17046283]" started-at="2024-10-18T12:32:38 IST" name="setUp" finished-at="2024-10-18T12:32:40 IST" duration-ms="1703" status="PASS">
          <reporter-output>
          </reporter-output>
        </test-method> <!-- setUp -->
        <test-method signature="successfulSearch(java.lang.String,java.lang.String)[pri:2, instance:org.example.JobsPageTest@17046283]" started-at="2024-10-18T12:32:40 IST" name="successfulSearch" data-provider="data" finished-at="2024-10-18T12:32:42 IST" duration-ms="1718" status="PASS">
          <params>
            <param index="0">
              <value>
                <![CDATA[Data Scientist]]>
              </value>
            </param>
            <param index="1">
              <value>
                <![CDATA[11]]>
              </value>
            </param>
          </params>
          <reporter-output>
          </reporter-output>
        </test-method> <!-- successfulSearch -->
        <test-method is-config="true" signature="tearDown()[pri:0, instance:org.example.JobsPageTest@17046283]" started-at="2024-10-18T12:32:42 IST" name="tearDown" finished-at="2024-10-18T12:32:42 IST" duration-ms="263" status="PASS">
          <reporter-output>
          </reporter-output>
        </test-method> <!-- tearDown -->
        <test-method is-config="true" signature="setUp()[pri:0, instance:org.example.JobsPageTest@17046283]" started-at="2024-10-18T12:32:42 IST" name="setUp" finished-at="2024-10-18T12:32:44 IST" duration-ms="1745" status="PASS">
          <reporter-output>
          </reporter-output>
        </test-method> <!-- setUp -->
        <test-method signature="successfulSearch(java.lang.String,java.lang.String)[pri:2, instance:org.example.JobsPageTest@17046283]" started-at="2024-10-18T12:32:44 IST" name="successfulSearch" data-provider="data" finished-at="2024-10-18T12:32:46 IST" duration-ms="1737" status="PASS">
          <params>
            <param index="0">
              <value>
                <![CDATA[ML Engineer]]>
              </value>
            </param>
            <param index="1">
              <value>
                <![CDATA[10]]>
              </value>
            </param>
          </params>
          <reporter-output>
          </reporter-output>
        </test-method> <!-- successfulSearch -->
        <test-method is-config="true" signature="tearDown()[pri:0, instance:org.example.JobsPageTest@17046283]" started-at="2024-10-18T12:32:46 IST" name="tearDown" finished-at="2024-10-18T12:32:46 IST" duration-ms="270" status="PASS">
          <reporter-output>
          </reporter-output>
        </test-method> <!-- tearDown -->
        <test-method is-config="true" signature="setUp()[pri:0, instance:org.example.JobsPageTest@17046283]" started-at="2024-10-18T12:32:46 IST" name="setUp" finished-at="2024-10-18T12:32:48 IST" duration-ms="1728" status="PASS">
          <reporter-output>
          </reporter-output>
        </test-method> <!-- setUp -->
        <test-method signature="unsuccessfulSearch()[pri:3, instance:org.example.JobsPageTest@17046283]" started-at="2024-10-18T12:32:48 IST" name="unsuccessfulSearch" finished-at="2024-10-18T12:32:49 IST" duration-ms="1885" status="PASS">
          <reporter-output>
          </reporter-output>
        </test-method> <!-- unsuccessfulSearch -->
        <test-method is-config="true" signature="tearDown()[pri:0, instance:org.example.JobsPageTest@17046283]" started-at="2024-10-18T12:32:49 IST" name="tearDown" finished-at="2024-10-18T12:32:50 IST" duration-ms="279" status="PASS">
          <reporter-output>
          </reporter-output>
        </test-method> <!-- tearDown -->
      </class> <!-- org.example.JobsPageTest -->
      <class name="org.example.LoginPageTest">
        <test-method is-config="true" signature="setUp()[pri:0, instance:org.example.LoginPageTest@3967e60c]" started-at="2024-10-18T12:32:09 IST" name="setUp" finished-at="2024-10-18T12:32:11 IST" duration-ms="2083" status="PASS">
          <reporter-output>
          </reporter-output>
        </test-method> <!-- setUp -->
        <test-method signature="loginPageUI()[pri:1, instance:org.example.LoginPageTest@3967e60c]" started-at="2024-10-18T12:32:11 IST" name="loginPageUI" finished-at="2024-10-18T12:32:12 IST" duration-ms="187" status="PASS">
          <reporter-output>
          </reporter-output>
        </test-method> <!-- loginPageUI -->
        <test-method is-config="true" signature="tearDown()[pri:0, instance:org.example.LoginPageTest@3967e60c]" started-at="2024-10-18T12:32:12 IST" name="tearDown" finished-at="2024-10-18T12:32:12 IST" duration-ms="241" status="PASS">
          <reporter-output>
          </reporter-output>
        </test-method> <!-- tearDown -->
        <test-method is-config="true" signature="setUp()[pri:0, instance:org.example.LoginPageTest@3967e60c]" started-at="2024-10-18T12:32:12 IST" name="setUp" finished-at="2024-10-18T12:32:14 IST" duration-ms="2142" status="PASS">
          <reporter-output>
          </reporter-output>
        </test-method> <!-- setUp -->
        <test-method signature="emptyInput()[pri:2, instance:org.example.LoginPageTest@3967e60c]" started-at="2024-10-18T12:32:14 IST" name="emptyInput" finished-at="2024-10-18T12:32:14 IST" duration-ms="394" status="PASS">
          <reporter-output>
          </reporter-output>
        </test-method> <!-- emptyInput -->
        <test-method is-config="true" signature="tearDown()[pri:0, instance:org.example.LoginPageTest@3967e60c]" started-at="2024-10-18T12:32:14 IST" name="tearDown" finished-at="2024-10-18T12:32:15 IST" duration-ms="302" status="PASS">
          <reporter-output>
          </reporter-output>
        </test-method> <!-- tearDown -->
        <test-method is-config="true" signature="setUp()[pri:0, instance:org.example.LoginPageTest@3967e60c]" started-at="2024-10-18T12:32:15 IST" name="setUp" finished-at="2024-10-18T12:32:17 IST" duration-ms="2203" status="PASS">
          <reporter-output>
          </reporter-output>
        </test-method> <!-- setUp -->
        <test-method signature="emptyUsername()[pri:3, instance:org.example.LoginPageTest@3967e60c]" started-at="2024-10-18T12:32:17 IST" name="emptyUsername" finished-at="2024-10-18T12:32:18 IST" duration-ms="713" status="PASS">
          <reporter-output>
          </reporter-output>
        </test-method> <!-- emptyUsername -->
        <test-method is-config="true" signature="tearDown()[pri:0, instance:org.example.LoginPageTest@3967e60c]" started-at="2024-10-18T12:32:18 IST" name="tearDown" finished-at="2024-10-18T12:32:18 IST" duration-ms="199" status="PASS">
          <reporter-output>
          </reporter-output>
        </test-method> <!-- tearDown -->
        <test-method is-config="true" signature="setUp()[pri:0, instance:org.example.LoginPageTest@3967e60c]" started-at="2024-10-18T12:32:18 IST" name="setUp" finished-at="2024-10-18T12:32:20 IST" duration-ms="2026" status="PASS">
          <reporter-output>
          </reporter-output>
        </test-method> <!-- setUp -->
        <test-method signature="emptyPassword()[pri:4, instance:org.example.LoginPageTest@3967e60c]" started-at="2024-10-18T12:32:20 IST" name="emptyPassword" finished-at="2024-10-18T12:32:20 IST" duration-ms="510" status="PASS">
          <reporter-output>
          </reporter-output>
        </test-method> <!-- emptyPassword -->
        <test-method is-config="true" signature="tearDown()[pri:0, instance:org.example.LoginPageTest@3967e60c]" started-at="2024-10-18T12:32:20 IST" name="tearDown" finished-at="2024-10-18T12:32:21 IST" duration-ms="303" status="PASS">
          <reporter-output>
          </reporter-output>
        </test-method> <!-- tearDown -->
        <test-method is-config="true" signature="setUp()[pri:0, instance:org.example.LoginPageTest@3967e60c]" started-at="2024-10-18T12:32:21 IST" name="setUp" finished-at="2024-10-18T12:32:23 IST" duration-ms="2443" status="PASS">
          <reporter-output>
          </reporter-output>
        </test-method> <!-- setUp -->
        <test-method signature="invalidPassword()[pri:5, instance:org.example.LoginPageTest@3967e60c]" started-at="2024-10-18T12:32:23 IST" name="invalidPassword" finished-at="2024-10-18T12:32:24 IST" duration-ms="738" status="PASS">
          <reporter-output>
          </reporter-output>
        </test-method> <!-- invalidPassword -->
        <test-method is-config="true" signature="tearDown()[pri:0, instance:org.example.LoginPageTest@3967e60c]" started-at="2024-10-18T12:32:24 IST" name="tearDown" finished-at="2024-10-18T12:32:24 IST" duration-ms="217" status="PASS">
          <reporter-output>
          </reporter-output>
        </test-method> <!-- tearDown -->
        <test-method is-config="true" signature="setUp()[pri:0, instance:org.example.LoginPageTest@3967e60c]" started-at="2024-10-18T12:32:24 IST" name="setUp" finished-at="2024-10-18T12:32:26 IST" duration-ms="2148" status="PASS">
          <reporter-output>
          </reporter-output>
        </test-method> <!-- setUp -->
        <test-method signature="successfulLogin()[pri:6, instance:org.example.LoginPageTest@3967e60c]" started-at="2024-10-18T12:32:26 IST" name="successfulLogin" finished-at="2024-10-18T12:32:27 IST" duration-ms="1239" status="PASS">
          <reporter-output>
          </reporter-output>
        </test-method> <!-- successfulLogin -->
        <test-method is-config="true" signature="tearDown()[pri:0, instance:org.example.LoginPageTest@3967e60c]" started-at="2024-10-18T12:32:27 IST" name="tearDown" finished-at="2024-10-18T12:32:28 IST" duration-ms="366" status="PASS">
          <reporter-output>
          </reporter-output>
        </test-method> <!-- tearDown -->
      </class> <!-- org.example.LoginPageTest -->
    </test> <!-- Functionality -->
  </suite> <!-- JobbyAppTest -->
</testng-results>
