<?xml version="1.0" encoding="UTF-8"?>
<!-- Generated by org.testng.reporters.JUnitXMLReporter -->
<testsuite ignored="0" hostname="chaithanya" failures="0" tests="22" name="Functionality" time="54.476" errors="0" timestamp="2024-10-18T12:32:50 IST">
  <testcase classname="org.example.HeaderSectionTest" name="appLogoImage" time="1.142"/>
  <testcase classname="org.example.HomePageTest" name="homepageHeading" time="1.287"/>
  <testcase classname="org.example.HeaderSectionTest" name="navBarHome" time="1.399"/>
  <testcase classname="org.example.HomePageTest" name="findJobs" time="1.462"/>
  <testcase classname="org.example.HeaderSectionTest" name="appLogoLink" time="1.669"/>
  <testcase classname="org.example.logout" name="logOutFunctionality" time="1.442"/>
  <testcase classname="org.example.LoginPageTest" name="loginPageUI" time="0.187"/>
  <testcase classname="org.example.HeaderSectionTest" name="navBarHOme" time="1.984"/>
  <testcase classname="org.example.LoginPageTest" name="emptyInput" time="0.394"/>
  <testcase classname="org.example.HeaderSectionTest" name="logOut" time="1.446"/>
  <testcase classname="org.example.LoginPageTest" name="emptyUsername" time="0.713"/>
  <testcase classname="org.example.LoginPageTest" name="emptyPassword" time="0.51"/>
  <testcase classname="org.example.JobsPageTest" name="profileUI" time="1.619"/>
  <testcase classname="org.example.LoginPageTest" name="invalidPassword" time="0.738"/>
  <testcase classname="org.example.JobsPageTest" name="successfulSearch" time="2.177"/>
  <testcase classname="org.example.LoginPageTest" name="successfulLogin" time="1.239"/>
  <testcase classname="org.example.JobsPageTest" name="successfulSearch" time="1.737"/>
  <testcase classname="org.example.JobsPageTest" name="successfulSearch" time="1.91"/>
  <testcase classname="org.example.JobsPageTest" name="successfulSearch" time="1.875"/>
  <testcase classname="org.example.JobsPageTest" name="successfulSearch" time="1.718"/>
  <testcase classname="org.example.JobsPageTest" name="successfulSearch" time="1.737"/>
  <testcase classname="org.example.JobsPageTest" name="unsuccessfulSearch" time="1.885"/>
</testsuite> <!-- Functionality -->
