<?xml version="1.0" encoding="UTF-8"?>
<!-- Generated by org.testng.reporters.JUnitXMLReporter -->
<testsuite ignored="0" hostname="chaithanya" failures="0" tests="5" name="TestNg" time="147.674" errors="0" timestamp="2024-12-17T10:02:11 IST">
  <testcase classname="org.example.LoginPageTest" name="loginPageUI" time="1.002"/>
  <testcase classname="org.example.LoginPageTest" name="emptyInput" time="0.888"/>
  <testcase classname="org.example.LoginPageTest" name="emptyUsername" time="1.481"/>
  <testcase classname="org.example.LoginPageTest" name="emptyPassword" time="1.031"/>
  <testcase classname="org.example.LoginPageTest" name="invalidPassword" time="1.434"/>
</testsuite> <!-- TestNg -->
